Using pre-set license
Built from '2021.3/staging' branch; Version is '2021.3.11f1 (0a5ca18544bf) revision 679073'; Using compiler version '192829333'; Build Type 'Release'
OS: 'Windows 11  (10.0.22621) 64bit CoreSingleLanguage' Language: 'en' Physical Memory: 15556 MB
BatchMode: 1, IsHumanControllingUs: 0, StartBugReporterOnCrash: 0, Is64bit: 1, IsPro: 1

COMMAND LINE ARGUMENTS:
C:\Program Files\Unity\Hub\Editor\2021.3.11f1\Editor\Unity.exe
-adb2
-batchMode
-noUpm
-name
AssetImportWorker0
-projectPath
D:/PCVR
-logFile
Logs/AssetImportWorker0.log
-srvPort
50147
Successfully changed project path to: D:/PCVR
D:/PCVR
[UnityMemory] Configuration Parameters - Can be set up in boot.config
    "memorysetup-bucket-allocator-granularity=16"
    "memorysetup-bucket-allocator-bucket-count=8"
    "memorysetup-bucket-allocator-block-size=33554432"
    "memorysetup-bucket-allocator-block-count=8"
    "memorysetup-main-allocator-block-size=16777216"
    "memorysetup-thread-allocator-block-size=16777216"
    "memorysetup-gfx-main-allocator-block-size=16777216"
    "memorysetup-gfx-thread-allocator-block-size=16777216"
    "memorysetup-cache-allocator-block-size=4194304"
    "memorysetup-typetree-allocator-block-size=2097152"
    "memorysetup-profiler-bucket-allocator-granularity=16"
    "memorysetup-profiler-bucket-allocator-bucket-count=8"
    "memorysetup-profiler-bucket-allocator-block-size=33554432"
    "memorysetup-profiler-bucket-allocator-block-count=8"
    "memorysetup-profiler-allocator-block-size=16777216"
    "memorysetup-profiler-editor-allocator-block-size=1048576"
    "memorysetup-temp-allocator-size-main=16777216"
    "memorysetup-job-temp-allocator-block-size=2097152"
    "memorysetup-job-temp-allocator-block-size-background=1048576"
    "memorysetup-job-temp-allocator-reduction-small-platforms=262144"
    "memorysetup-temp-allocator-size-background-worker=32768"
    "memorysetup-temp-allocator-size-job-worker=262144"
    "memorysetup-temp-allocator-size-preload-manager=33554432"
    "memorysetup-temp-allocator-size-nav-mesh-worker=65536"
    "memorysetup-temp-allocator-size-audio-worker=65536"
    "memorysetup-temp-allocator-size-cloud-worker=32768"
    "memorysetup-temp-allocator-size-gi-baking-worker=262144"
    "memorysetup-temp-allocator-size-gfx=262144"
Refreshing native plugins compatible for Editor in 113.48 ms, found 11 plugins.
Preloading 1 native plugins for Editor in 0.72 ms.
Initialize engine version: 2021.3.11f1 (0a5ca18544bf)
[Subsystems] Discovering subsystems at path C:/Program Files/Unity/Hub/Editor/2021.3.11f1/Editor/Data/Resources/UnitySubsystems
[Subsystems] Discovering subsystems at path D:/PCVR/Assets
GfxDevice: creating device client; threaded=0; jobified=0
Direct3D:
    Version:  Direct3D 11.0 [level 11.1]
    Renderer: NVIDIA GeForce RTX 3050 Ti Laptop GPU (ID=0x25e0)
    Vendor:   NVIDIA
    VRAM:     3976 MB
    Driver:   31.0.15.3598
Initialize mono
Mono path[0] = 'C:/Program Files/Unity/Hub/Editor/2021.3.11f1/Editor/Data/Managed'
Mono path[1] = 'C:/Program Files/Unity/Hub/Editor/2021.3.11f1/Editor/Data/MonoBleedingEdge/lib/mono/unityjit-win32'
Mono config path = 'C:/Program Files/Unity/Hub/Editor/2021.3.11f1/Editor/Data/MonoBleedingEdge/etc'
Using monoOptions --debugger-agent=transport=dt_socket,embedding=1,server=y,suspend=n,address=127.0.0.1:56704
Begin MonoManager ReloadAssembly
Registering precompiled unity dll's ...
Register platform support module: C:/Program Files/Unity/Hub/Editor/2021.3.11f1/Editor/Data/PlaybackEngines/WebGLSupport/UnityEditor.WebGL.Extensions.dll
Register platform support module: C:/Program Files/Unity/Hub/Editor/2021.3.11f1/Editor/Data/PlaybackEngines/AndroidPlayer/UnityEditor.Android.Extensions.dll
Register platform support module: C:/Program Files/Unity/Hub/Editor/2021.3.11f1/Editor/Data/PlaybackEngines/WindowsStandaloneSupport/UnityEditor.WindowsStandalone.Extensions.dll
Registered in 0.006295 seconds.
Native extension for WindowsStandalone target not found
Native extension for Android target not found
Native extension for WebGL target not found
Refreshing native plugins compatible for Editor in 117.65 ms, found 11 plugins.
Preloading 1 native plugins for Editor in 0.04 ms.
Mono: successfully reloaded assembly
- Completed reload, in  0.679 seconds
Domain Reload Profiling:
	ReloadAssembly (680ms)
		BeginReloadAssembly (81ms)
			ExecutionOrderSort (0ms)
			DisableScriptedObjects (0ms)
			BackupInstance (0ms)
			ReleaseScriptingObjects (0ms)
			CreateAndSetChildDomain (1ms)
		EndReloadAssembly (487ms)
			LoadAssemblies (80ms)
			RebuildTransferFunctionScriptingTraits (0ms)
			SetupTypeCache (101ms)
			ReleaseScriptCaches (0ms)
			RebuildScriptCaches (28ms)
			SetupLoadedEditorAssemblies (309ms)
				LogAssemblyErrors (0ms)
				InitializePlatformSupportModulesInManaged (51ms)
				SetLoadedEditorAssemblies (0ms)
				RefreshPlugins (118ms)
				BeforeProcessingInitializeOnLoad (1ms)
				ProcessInitializeOnLoadAttributes (97ms)
				ProcessInitializeOnLoadMethodAttributes (41ms)
				AfterProcessingInitializeOnLoad (0ms)
				EditorAssembliesLoaded (0ms)
			ExecutionOrderSort2 (0ms)
			AwakeInstancesAfterBackupRestoration (0ms)
Platform modules already initialized, skipping
Registering precompiled user dll's ...
Registered in 0.008442 seconds.
Begin MonoManager ReloadAssembly
Symbol file LoadedFromMemory doesn't match image D:\PCVR\Library\PackageCache\com.unity.visualscripting@1.7.8\Editor\VisualScripting.Core\Dependencies\DotNetZip\Unity.VisualScripting.IonicZip.dll
Symbol file LoadedFromMemory doesn't match image D:\PCVR\Library\PackageCache\com.unity.visualscripting@1.7.8\Editor\VisualScripting.Core\Dependencies\YamlDotNet\Unity.VisualScripting.YamlDotNet.dll
Native extension for WindowsStandalone target not found
Native extension for Android target not found
Native extension for WebGL target not found
Refreshing native plugins compatible for Editor in 116.82 ms, found 11 plugins.
Preloading 1 native plugins for Editor in 0.05 ms.
Package Manager log level set to [2]
[Package Manager] Server::EnsureServerProcessIsRunning -- launch failed, reason: Unity was launched with the -noUpm command-line argument
[Package Manager] Cannot connect to Unity Package Manager local server
System.Reflection.TargetInvocationException: Exception has been thrown by the target of an invocation. ---> System.NullReferenceException: Object reference not set to an instance of an object
  at Unity.XR.Oculus.OculusLoader.AssetPathToAbsolutePath (System.String assetPath) [0x00040] in D:\PCVR\Library\PackageCache\com.unity.xr.oculus@3.2.1\Runtime\OculusLoader.cs:296 
  at Unity.XR.Oculus.OculusLoader.EditorLoadOVRPlugin () [0x0007b] in D:\PCVR\Library\PackageCache\com.unity.xr.oculus@3.2.1\Runtime\OculusLoader.cs:281 
  at (wrapper managed-to-native) System.Reflection.RuntimeMethodInfo.InternalInvoke(System.Reflection.RuntimeMethodInfo,object,object[],System.Exception&)
  at System.Reflection.RuntimeMethodInfo.Invoke (System.Object obj, System.Reflection.BindingFlags invokeAttr, System.Reflection.Binder binder, System.Object[] parameters, System.Globalization.CultureInfo culture) [0x0006a] in <9aad1b3a47484d63ba2b3985692d80e9>:0 
   --- End of inner exception stack trace ---
  at System.Reflection.RuntimeMethodInfo.Invoke (System.Object obj, System.Reflection.BindingFlags invokeAttr, System.Reflection.Binder binder, System.Object[] parameters, System.Globalization.CultureInfo culture) [0x00083] in <9aad1b3a47484d63ba2b3985692d80e9>:0 
  at System.Reflection.MethodBase.Invoke (System.Object obj, System.Object[] parameters) [0x00000] in <9aad1b3a47484d63ba2b3985692d80e9>:0 
  at UnityEditor.EditorAssemblies.ProcessInitializeOnLoadMethodAttributes () [0x000a5] in <4e64905d831f4883a53259ef37fb023b>:0 
UnityEngine.StackTraceUtility:ExtractStackTrace ()
UnityEngine.DebugLogHandler:LogFormat (UnityEngine.LogType,UnityEngine.Object,string,object[])
UnityEngine.Logger:Log (UnityEngine.LogType,object)
UnityEngine.Debug:LogError (object)
UnityEditor.EditorAssemblies:ProcessInitializeOnLoadMethodAttributes ()

Mono: successfully reloaded assembly
- Completed reload, in  2.357 seconds
Domain Reload Profiling:
	ReloadAssembly (2358ms)
		BeginReloadAssembly (252ms)
			ExecutionOrderSort (0ms)
			DisableScriptedObjects (5ms)
			BackupInstance (0ms)
			ReleaseScriptingObjects (0ms)
			CreateAndSetChildDomain (137ms)
		EndReloadAssembly (1975ms)
			LoadAssemblies (139ms)
			RebuildTransferFunctionScriptingTraits (0ms)
			SetupTypeCache (382ms)
			ReleaseScriptCaches (3ms)
			RebuildScriptCaches (75ms)
			SetupLoadedEditorAssemblies (1314ms)
				LogAssemblyErrors (0ms)
				InitializePlatformSupportModulesInManaged (22ms)
				SetLoadedEditorAssemblies (1ms)
				RefreshPlugins (117ms)
				BeforeProcessingInitializeOnLoad (152ms)
				ProcessInitializeOnLoadAttributes (981ms)
				ProcessInitializeOnLoadMethodAttributes (31ms)
				AfterProcessingInitializeOnLoad (9ms)
				EditorAssembliesLoaded (0ms)
			ExecutionOrderSort2 (0ms)
			AwakeInstancesAfterBackupRestoration (10ms)
Platform modules already initialized, skipping
========================================================================
Worker process is ready to serve import requests
Launched and connected shader compiler UnityShaderCompiler.exe after 0.04 seconds
Refreshing native plugins compatible for Editor in 2.16 ms, found 11 plugins.
Preloading 1 native plugins for Editor in 0.07 ms.
Unloading 5034 Unused Serialized files (Serialized files now loaded: 0)
Unloading 63 unused Assets / (1.3 MB). Loaded Objects now: 5469.
Memory consumption went from 180.7 MB to 179.4 MB.
Total: 22.822500 ms (FindLiveObjects: 0.786700 ms CreateObjectMapping: 0.449200 ms MarkObjects: 21.070400 ms  DeleteObjects: 0.514900 ms)

AssetImportParameters requested are different than current active one (requested -> active):
  custom:video-decoder-ogg-theora: a1e56fd34408186e4bbccfd4996cb3dc -> 
  custom:container-muxer-webm: aa71ff27fc2769a1b78a27578f13a17b -> 
  custom:container-demuxer-webm: 4f35f7cbe854078d1ac9338744f61a02 -> 
  custom:video-encoder-webm-vp8: eb34c28f22e8b96e1ab97ce403110664 -> 
  custom:video-codec-MediaFoundation-h265: 746d11721c4dcdbdad8f713fa42b33f4 -> 
  custom:audio-encoder-webm-vorbis: bf7c407c2cedff20999df2af8eb42d56 -> 
  custom:framework-win-MediaFoundation: 216162199b28c13a410421893ffa2e32 -> 
  custom:container-demuxer-ogg: 62fdf1f143b41e24485cea50d1cbac27 -> 
  custom:video-decoder-webm-vp8: 9c59270c3fd7afecdb556c50c9e8de78 -> 
  custom:audio-decoder-ogg-vorbis: bf7c407c2cedff20999df2af8eb42d56 -> 
========================================================================
Received Import Request.
  Time since last request: 1272.189968 seconds.
  path: Assets/Script/ResetButton.cs
  artifactKey: Guid(fe0da5ca44eda984b88757e3c535ee08) Importer(815301076,1909f56bfc062723c751e8b465ee728b)
Start importing Assets/Script/ResetButton.cs using Guid(fe0da5ca44eda984b88757e3c535ee08) Importer(815301076,1909f56bfc062723c751e8b465ee728b)  -> (artifact id: '91cdc697017c47785a90801d2b051dda') in 0.056770 seconds 
========================================================================
Received Import Request.
  Time since last request: 1.764507 seconds.
  path: Assets/Script/MuteAudio.cs
  artifactKey: Guid(2b1c5e51823fb594b8d078890f97164a) Importer(815301076,1909f56bfc062723c751e8b465ee728b)
Start importing Assets/Script/MuteAudio.cs using Guid(2b1c5e51823fb594b8d078890f97164a) Importer(815301076,1909f56bfc062723c751e8b465ee728b)  -> (artifact id: 'c4948ed0b66b7c848d51a4484a6655e5') in 0.011902 seconds 
========================================================================
Received Import Request.
  Time since last request: 3.602717 seconds.
  path: Assets/Script/HapticInteractable.cs
  artifactKey: Guid(c6368c9d36eae794586475f77b823ca6) Importer(815301076,1909f56bfc062723c751e8b465ee728b)
Start importing Assets/Script/HapticInteractable.cs using Guid(c6368c9d36eae794586475f77b823ca6) Importer(815301076,1909f56bfc062723c751e8b465ee728b)  -> (artifact id: 'd460a8b9d1992d899dc9f263b13cdb6f') in 0.008721 seconds 
========================================================================
Received Import Request.
  Time since last request: 6.439160 seconds.
  path: Assets/Script/GameMenuManager.cs
  artifactKey: Guid(6276ff9ed985f8f47a951d66ed06a6ad) Importer(815301076,1909f56bfc062723c751e8b465ee728b)
Start importing Assets/Script/GameMenuManager.cs using Guid(6276ff9ed985f8f47a951d66ed06a6ad) Importer(815301076,1909f56bfc062723c751e8b465ee728b)  -> (artifact id: '5cc03934b89f168d1027eb34bc9fa9aa') in 0.011279 seconds 
========================================================================
Received Import Request.
  Time since last request: 6.928222 seconds.
  path: Assets/Script/FadeScreen.cs
  artifactKey: Guid(54ebd2655eafc3a4aa4141e3d46b54c5) Importer(815301076,1909f56bfc062723c751e8b465ee728b)
Start importing Assets/Script/FadeScreen.cs using Guid(54ebd2655eafc3a4aa4141e3d46b54c5) Importer(815301076,1909f56bfc062723c751e8b465ee728b)  -> (artifact id: '22ddc6cba41f7f613b8eb873b385051d') in 0.009187 seconds 
========================================================================
Received Import Request.
  Time since last request: 6.688494 seconds.
  path: Assets/Script/ActivateGrabRay.cs
  artifactKey: Guid(894f7503a81ffbe449fa85febc1d5768) Importer(815301076,1909f56bfc062723c751e8b465ee728b)
Start importing Assets/Script/ActivateGrabRay.cs using Guid(894f7503a81ffbe449fa85febc1d5768) Importer(815301076,1909f56bfc062723c751e8b465ee728b)  -> (artifact id: '629bd62660c00084f00e01a217786ba6') in 0.011732 seconds 
========================================================================
Received Import Request.
  Time since last request: 4.726761 seconds.
  path: Assets/Script/UILookAt.cs
  artifactKey: Guid(8437370f89d9b5941ac78f84f84cc170) Importer(815301076,1909f56bfc062723c751e8b465ee728b)
Start importing Assets/Script/UILookAt.cs using Guid(8437370f89d9b5941ac78f84f84cc170) Importer(815301076,1909f56bfc062723c751e8b465ee728b)  -> (artifact id: 'a21e68cac9426e16d148e035b458f1c6') in 0.020033 seconds 
========================================================================
Received Import Request.
  Time since last request: 19.078917 seconds.
  path: Assets/Script/SpawnObject.cs
  artifactKey: Guid(45182f393fb93d84b97274feea05d3bc) Importer(815301076,1909f56bfc062723c751e8b465ee728b)
Start importing Assets/Script/SpawnObject.cs using Guid(45182f393fb93d84b97274feea05d3bc) Importer(815301076,1909f56bfc062723c751e8b465ee728b)  -> (artifact id: '2828ad53ae59caf27634b675b1aadd4c') in 0.014526 seconds 
========================================================================
Received Import Request.
  Time since last request: 4.255147 seconds.
  path: Assets/Script/SetTurnType.cs
  artifactKey: Guid(72436a6fbb27d7a4ba2790311c733539) Importer(815301076,1909f56bfc062723c751e8b465ee728b)
Start importing Assets/Script/SetTurnType.cs using Guid(72436a6fbb27d7a4ba2790311c733539) Importer(815301076,1909f56bfc062723c751e8b465ee728b)  -> (artifact id: '4310381c3fbdc2b070a662f6c028dc8f') in 0.010085 seconds 
========================================================================
Received Import Request.
  Time since last request: 3.736708 seconds.
  path: Assets/Script/SceneTransitionManager.cs
  artifactKey: Guid(0359efbd32d2b43479c33b5305ecb566) Importer(815301076,1909f56bfc062723c751e8b465ee728b)
Start importing Assets/Script/SceneTransitionManager.cs using Guid(0359efbd32d2b43479c33b5305ecb566) Importer(815301076,1909f56bfc062723c751e8b465ee728b)  -> (artifact id: '932a22d5093f15ba84288f2624065c6f') in 0.012494 seconds 
